<?xml version="1.0" encoding="UTF-8"?>
<Site BuildName="Win32-MSBuild"
	BuildStamp="20180131-1327-Experimental"
	Name="2016-34-MM"
	Generator="ctest-3.10.1"
	CompilerName="C:/Program Files (x86)/Microsoft Visual Studio 14.0/VC/bin/cl.exe"
	CompilerVersion="19.0.24215.1"
	OSName="Windows"
	Hostname="2016-34-mm"
	OSRelease=" Professional"
	OSVersion=" (Build 16299)"
	OSPlatform="AMD64"
	Is64Bits="1"
	VendorString="GenuineIntel"
	VendorID="Intel Corporation"
	FamilyID="6"
	ModelID="14"
	ProcessorCacheSize="-1"
	NumberOfLogicalCPU="8"
	NumberOfPhysicalCPU="4"
	TotalVirtualMemory="18735"
	TotalPhysicalMemory="16303"
	LogicalProcessorsPerPhysical="2"
	ProcessorClockFrequency="2807"
	>
	<Build>
		<StartDateTime>Jan 31 14:27 W. Europe Standard Time</StartDateTime>
		<StartBuildTime>1517405273</StartBuildTime>
		<BuildCommand>"C:\Program Files\CMake\bin\cmake.exe" --build . --config "Release"</BuildCommand>
		<Log Encoding="base64" Compression="bin/gzip"/>
		<EndDateTime>Jan 31 14:27 W. Europe Standard Time</EndDateTime>
		<EndBuildTime>1517405276</EndBuildTime>
		<ElapsedMinutes>0</ElapsedMinutes>
	</Build>
</Site>
