<?xml version="1.0" encoding="UTF-8"?>
<Site BuildName="Win32-MSBuild"
	BuildStamp="20180131-1327-Experimental"
	Name="2016-34-MM"
	Generator="ctest-3.10.1"
	CompilerName="C:/Program Files (x86)/Microsoft Visual Studio 14.0/VC/bin/cl.exe"
	CompilerVersion="19.0.24215.1"
	OSName="Windows"
	Hostname="2016-34-mm"
	OSRelease=" Professional"
	OSVersion=" (Build 16299)"
	OSPlatform="AMD64"
	Is64Bits="1"
	VendorString="GenuineIntel"
	VendorID="Intel Corporation"
	FamilyID="6"
	ModelID="14"
	ProcessorCacheSize="-1"
	NumberOfLogicalCPU="8"
	NumberOfPhysicalCPU="4"
	TotalVirtualMemory="18735"
	TotalPhysicalMemory="16303"
	LogicalProcessorsPerPhysical="2"
	ProcessorClockFrequency="2807"
	>
	<Testing>
		<StartDateTime>Jan 31 14:27 W. Europe Standard Time</StartDateTime>
		<StartTestTime>1517405276</StartTestTime>
		<TestList>
			<Test>./bin1/tests/test.algo1</Test>
			<Test>./bin1/tests/test.algo2</Test>
			<Test>./libs/lib1/tests/test.lib1</Test>
		</TestList>
		<Test Status="passed">
			<Name>test.algo1</Name>
			<Path>./bin1/tests</Path>
			<FullName>./bin1/tests/test.algo1</FullName>
			<FullCommandLine>C:\dev\mm\monorepo\_build\bin1\tests\Release\test.algo1.exe</FullCommandLine>
			<Results>
				<NamedMeasurement type="numeric/double" name="Execution Time">
					<Value>0.014986</Value>
				</NamedMeasurement>
				<NamedMeasurement type="numeric/double" name="Processors">
					<Value>1</Value>
				</NamedMeasurement>
				<NamedMeasurement type="text/string" name="Completion Status">
					<Value>Completed</Value>
				</NamedMeasurement>
				<NamedMeasurement type="text/string" name="Command Line">
					<Value>C:\dev\mm\monorepo\_build\bin1\tests\Release\test.algo1.exe</Value>
				</NamedMeasurement>
				<Measurement>
					<Value encoding="base64" compression="gzip">eJyztaUq4HLMyVEoSS0uKVYoSCwuTk1R0DBUADGKSjLz8xQy8xQMwdIKyYnFqZpcXAAFUSJ8====</Value>
				</Measurement>
			</Results>
		</Test>
		<Test Status="passed">
			<Name>test.algo2</Name>
			<Path>./bin1/tests</Path>
			<FullName>./bin1/tests/test.algo2</FullName>
			<FullCommandLine>C:\dev\mm\monorepo\_build\bin1\tests\Release\test.algo2.exe</FullCommandLine>
			<Results>
				<NamedMeasurement type="numeric/double" name="Execution Time">
					<Value>0.0130024</Value>
				</NamedMeasurement>
				<NamedMeasurement type="numeric/double" name="Processors">
					<Value>1</Value>
				</NamedMeasurement>
				<NamedMeasurement type="text/string" name="Completion Status">
					<Value>Completed</Value>
				</NamedMeasurement>
				<NamedMeasurement type="text/string" name="Command Line">
					<Value>C:\dev\mm\monorepo\_build\bin1\tests\Release\test.algo2.exe</Value>
				</NamedMeasurement>
				<Measurement>
					<Value encoding="base64" compression="gzip">eJyztaUq4HLMyVEoSS0uKVYoSCwuTk1R0DBUADGKSjLz8xQy8xQMwdIKyYnFqZpcXAAFUSJ8====</Value>
				</Measurement>
			</Results>
		</Test>
		<Test Status="passed">
			<Name>test.lib1</Name>
			<Path>./libs/lib1/tests</Path>
			<FullName>./libs/lib1/tests/test.lib1</FullName>
			<FullCommandLine>C:\dev\mm\monorepo\_build\libs\lib1\tests\Release\test.lib1.exe</FullCommandLine>
			<Results>
				<NamedMeasurement type="numeric/double" name="Execution Time">
					<Value>0.0169945</Value>
				</NamedMeasurement>
				<NamedMeasurement type="numeric/double" name="Processors">
					<Value>1</Value>
				</NamedMeasurement>
				<NamedMeasurement type="text/string" name="Completion Status">
					<Value>Completed</Value>
				</NamedMeasurement>
				<NamedMeasurement type="text/string" name="Command Line">
					<Value>C:\dev\mm\monorepo\_build\libs\lib1\tests\Release\test.lib1.exe</Value>
				</NamedMeasurement>
				<Measurement>
					<Value encoding="base64" compression="gzip">eJyztaUq4HLMyVEoSS0uKVYoSCwuTk1R0DBUADGKSjLz8xQy8xQMwdIKyYnFqZpcXAAFUSJ8====</Value>
				</Measurement>
			</Results>
		</Test>
		<EndDateTime>Jan 31 14:27 W. Europe Standard Time</EndDateTime>
		<EndTestTime>1517405276</EndTestTime>
		<ElapsedMinutes>0</ElapsedMinutes>
	</Testing>
</Site>
